#
# There is insufficient memory for the Java Runtime Environment to continue.
# Native memory allocation (malloc) failed to allocate 202736 bytes for Chunk::new
# Possible reasons:
#   The system is out of physical RAM or swap space
#   The process is running with CompressedOops enabled, and the Java Heap may be blocking the growth of the native heap
# Possible solutions:
#   Reduce memory load on the system
#   Increase physical memory or swap space
#   Check if swap backing store is full
#   Decrease Java heap size (-Xmx/-Xms)
#   Decrease number of Java threads
#   Decrease Java thread stack sizes (-Xss)
#   Set larger code cache with -XX:ReservedCodeCacheSize=
#   JVM is running with Unscaled Compressed Oops mode in which the Java heap is
#     placed in the first 4GB address space. The Java Heap base address is the
#     maximum limit for the native heap growth. Please use -XX:HeapBaseMinAddress
#     to set the Java Heap base and to place the Java Heap above 4GB virtual address.
# This output file may be truncated or incomplete.
#
#  Out of Memory Error (./src/hotspot/share/memory/arena.cpp:197), pid=7532, tid=7624
#
# JRE version: OpenJDK Runtime Environment (11.0.13) (build 11.0.13+0-b1751.21-8125866)
# Java VM: OpenJDK 64-Bit Server VM (11.0.13+0-b1751.21-8125866, mixed mode, tiered, compressed oops, g1 gc, windows-amd64)
# No core dump will be written. Minidumps are not enabled by default on client versions of Windows
#

---------------  S U M M A R Y ------------

Command Line: --add-opens=java.base/java.util=ALL-UNNAMED --add-opens=java.base/java.lang=ALL-UNNAMED --add-opens=java.base/java.lang.invoke=ALL-UNNAMED --add-opens=java.base/java.util=ALL-UNNAMED --add-opens=java.prefs/java.util.prefs=ALL-UNNAMED --add-opens=java.prefs/java.util.prefs=ALL-UNNAMED --add-opens=java.base/java.nio.charset=ALL-UNNAMED --add-opens=java.base/java.net=ALL-UNNAMED --add-opens=java.base/java.util.concurrent.atomic=ALL-UNNAMED -Xmx1536M -Dfile.encoding=windows-1251 -Duser.country=RU -Duser.language=ru -Duser.variant org.gradle.launcher.daemon.bootstrap.GradleDaemon 7.5.1

Host: Intel(R) Core(TM) i7 CPU       M 640  @ 2.80GHz, 4 cores, 7G,  Windows 8.1 , 64 bit Build 9600 (6.3.9600.20389)
Time: Thu Sep 22 21:28:51 2022 Oeieyiaey (eaoi) elapsed time: 182.797333 seconds (0d 0h 3m 2s)

---------------  T H R E A D  ---------------

Current thread (0x0000004980b64000):  JavaThread "C2 CompilerThread0" daemon [_thread_in_native, id=7624, stack(0x0000004981500000,0x0000004981600000)]


Current CompileTask:
C2: 182797 8380       4       java.util.LinkedHashMap::get (33 bytes)

Stack: [0x0000004981500000,0x0000004981600000]
Native frames: (J=compiled Java code, j=interpreted, Vv=VM code, C=native code)
V  [jvm.dll+0x6100fa]
V  [jvm.dll+0x747090]
V  [jvm.dll+0x7486ad]
V  [jvm.dll+0x748d83]
V  [jvm.dll+0x24ab48]
V  [jvm.dll+0xc04dc]
V  [jvm.dll+0xc0a0c]
V  [jvm.dll+0x35eb9d]
V  [jvm.dll+0x32b833]
V  [jvm.dll+0x32ad2a]
V  [jvm.dll+0x2032b2]
V  [jvm.dll+0x202437]
V  [jvm.dll+0x188e01]
V  [jvm.dll+0x21106b]
V  [jvm.dll+0x20f8c1]
V  [jvm.dll+0x70de0f]
V  [jvm.dll+0x706a75]
V  [jvm.dll+0x60ed66]
C  [ucrtbase.DLL+0x1f4a0]
C  [KERNEL32.DLL+0x1412]
C  [ntdll.dll+0x15504]


---------------  P R O C E S S  ---------------

Threads class SMR info:
_java_thread_list=0x00000049890fd840, length=76, elements={
0x00000049e73fb800, 0x00000049801c5000, 0x0000004980b00800, 0x0000004980b5e800,
0x0000004980b60000, 0x0000004980b61000, 0x0000004980b64000, 0x0000004980bc1000,
0x0000004980bc6800, 0x0000004980cd2000, 0x000000498266d800, 0x0000004980c16800,
0x00000049828e8000, 0x00000049828ed800, 0x00000049828eb000, 0x00000049824c6000,
0x00000049824c7000, 0x00000049837e7000, 0x000000498397d800, 0x000000498257b800,
0x00000049837da000, 0x00000049837d9000, 0x00000049837db000, 0x00000049837d8800,
0x00000049837dd000, 0x00000049837dc800, 0x00000049837de000, 0x00000049837db800,
0x00000049837df000, 0x0000004986b7b000, 0x0000004986b7c800, 0x0000004986b7c000,
0x0000004986b81000, 0x0000004986b7e800, 0x0000004986b80000, 0x0000004986b7f000,
0x0000004986b84000, 0x0000004986b82800, 0x0000004986b83000, 0x0000004986b81800,
0x0000004986b85800, 0x0000004986b86800, 0x0000004986b87800, 0x0000004986b85000,
0x0000004986b88000, 0x0000004986b89800, 0x0000004986b89000, 0x0000004986bb0800,
0x0000004986bae800, 0x0000004986baf800, 0x0000004986bae000, 0x0000004986bb2000,
0x0000004986bb1000, 0x0000004986bb4800, 0x0000004986bb5800, 0x0000004986bb3000,
0x0000004986bb6000, 0x0000004986bb3800, 0x0000004986bb7000, 0x0000004986bb7800,
0x0000004986bb9800, 0x0000004986bba000, 0x0000004986bbb000, 0x0000004986bb8800,
0x0000004986bbc000, 0x0000004986bbc800, 0x0000004986b8e800, 0x0000004986b90800,
0x0000004986b8f800, 0x0000004986b8e000, 0x0000004986b92000, 0x0000004986b93000,
0x0000004986b93800, 0x0000004986b91000, 0x0000004986b97000, 0x0000004986b95800
}

Java Threads: ( => current thread )
  0x00000049e73fb800 JavaThread "main" [_thread_blocked, id=6368, stack(0x00000049e6aa0000,0x00000049e6ba0000)]
  0x00000049801c5000 JavaThread "Reference Handler" daemon [_thread_blocked, id=5756, stack(0x0000004981000000,0x0000004981100000)]
  0x0000004980b00800 JavaThread "Finalizer" daemon [_thread_blocked, id=6184, stack(0x0000004981100000,0x0000004981200000)]
  0x0000004980b5e800 JavaThread "Signal Dispatcher" daemon [_thread_blocked, id=5060, stack(0x0000004981200000,0x0000004981300000)]
  0x0000004980b60000 JavaThread "Attach Listener" daemon [_thread_blocked, id=8024, stack(0x0000004981300000,0x0000004981400000)]
  0x0000004980b61000 JavaThread "Service Thread" daemon [_thread_blocked, id=4792, stack(0x0000004981400000,0x0000004981500000)]
=>0x0000004980b64000 JavaThread "C2 CompilerThread0" daemon [_thread_in_native, id=7624, stack(0x0000004981500000,0x0000004981600000)]
  0x0000004980bc1000 JavaThread "C1 CompilerThread0" daemon [_thread_blocked, id=7564, stack(0x0000004981600000,0x0000004981700000)]
  0x0000004980bc6800 JavaThread "Sweeper thread" daemon [_thread_blocked, id=4488, stack(0x0000004981700000,0x0000004981800000)]
  0x0000004980cd2000 JavaThread "Common-Cleaner" daemon [_thread_blocked, id=2800, stack(0x0000004981800000,0x0000004981900000)]
  0x000000498266d800 JavaThread "Daemon health stats" [_thread_blocked, id=8736, stack(0x00000049833d0000,0x00000049834d0000)]
  0x0000004980c16800 JavaThread "Incoming local TCP Connector on port 54805" [_thread_in_native, id=7788, stack(0x0000004985090000,0x0000004985190000)]
  0x00000049828e8000 JavaThread "Daemon periodic checks" [_thread_blocked, id=1144, stack(0x0000004985490000,0x0000004985590000)]
  0x00000049828ed800 JavaThread "Daemon" [_thread_blocked, id=4476, stack(0x0000004985590000,0x0000004985690000)]
  0x00000049828eb000 JavaThread "Handler for socket connection from /127.0.0.1:54805 to /127.0.0.1:54806" [_thread_in_native, id=6492, stack(0x0000004985690000,0x0000004985790000)]
  0x00000049824c6000 JavaThread "Cancel handler" [_thread_blocked, id=6936, stack(0x0000004985790000,0x0000004985890000)]
  0x00000049824c7000 JavaThread "Daemon worker" [_thread_blocked, id=6228, stack(0x0000004985990000,0x0000004985a90000)]
  0x00000049837e7000 JavaThread "Asynchronous log dispatcher for DefaultDaemonConnection: socket connection from /127.0.0.1:54805 to /127.0.0.1:54806" [_thread_blocked, id=4184, stack(0x0000004985a90000,0x0000004985b90000)]
  0x000000498397d800 JavaThread "Stdin handler" [_thread_blocked, id=8200, stack(0x0000004985b90000,0x0000004985c90000)]
  0x000000498257b800 JavaThread "Daemon client event forwarder" [_thread_blocked, id=8788, stack(0x0000004985c90000,0x0000004985d90000)]
  0x00000049837da000 JavaThread "Cache worker for journal cache (C:\Users\VOLODYA\.gradle\caches\journal-1)" [_thread_blocked, id=7044, stack(0x0000004985f90000,0x0000004986090000)]
  0x00000049837d9000 JavaThread "File lock request listener" [_thread_in_native, id=8000, stack(0x0000004986090000,0x0000004986190000)]
  0x00000049837db000 JavaThread "Cache worker for file hash cache (C:\Users\VOLODYA\.gradle\caches\7.5.1\fileHashes)" [_thread_blocked, id=1512, stack(0x0000004986390000,0x0000004986490000)]
  0x00000049837d8800 JavaThread "File lock release action executor" [_thread_blocked, id=4720, stack(0x0000004986490000,0x0000004986590000)]
  0x00000049837dd000 JavaThread "Cache worker for checksums cache (D:\anrii\KI48\1\apps\login_window\android\.gradle\7.5.1\checksums)" [_thread_blocked, id=8076, stack(0x0000004987980000,0x0000004987a80000)]
  0x00000049837dc800 JavaThread "Cache worker for cache directory md-rule (C:\Users\VOLODYA\.gradle\caches\7.5.1\md-rule)" [_thread_blocked, id=2712, stack(0x0000004987a80000,0x0000004987b80000)]
  0x00000049837de000 JavaThread "Cache worker for file content cache (C:\Users\VOLODYA\.gradle\caches\7.5.1\fileContent)" [_thread_blocked, id=9028, stack(0x0000004987b80000,0x0000004987c80000)]
  0x00000049837db800 JavaThread "Cache worker for file hash cache (D:\anrii\KI48\1\apps\login_window\android\.gradle\7.5.1\fileHashes)" [_thread_blocked, id=6420, stack(0x0000004987e80000,0x0000004987f80000)]
  0x00000049837df000 JavaThread "Cache worker for cache directory md-supplier (C:\Users\VOLODYA\.gradle\caches\7.5.1\md-supplier)" [_thread_blocked, id=9196, stack(0x0000004987f80000,0x0000004988080000)]
  0x0000004986b7b000 JavaThread "Cache worker for execution history cache (C:\Users\VOLODYA\.gradle\caches\7.5.1\executionHistory)" [_thread_blocked, id=4756, stack(0x0000004988080000,0x0000004988180000)]
  0x0000004986b7c800 JavaThread "jar transforms" [_thread_blocked, id=9140, stack(0x0000004988980000,0x0000004988a80000)]
  0x0000004986b7c000 JavaThread "jar transforms Thread 2" [_thread_blocked, id=8560, stack(0x0000004989a50000,0x0000004989b50000)]
  0x0000004986b81000 JavaThread "jar transforms Thread 3" [_thread_blocked, id=8556, stack(0x0000004989b50000,0x0000004989c50000)]
  0x0000004986b7e800 JavaThread "jar transforms Thread 4" [_thread_blocked, id=8540, stack(0x0000004989e70000,0x0000004989f70000)]
  0x0000004986b80000 JavaThread "Cache worker for dependencies-accessors (D:\anrii\KI48\1\apps\login_window\android\.gradle\7.5.1\dependencies-accessors)" [_thread_blocked, id=8920, stack(0x000000498a1f0000,0x000000498a2f0000)]
  0x0000004986b7f000 JavaThread "Cache worker for Build Output Cleanup Cache (D:\anrii\KI48\1\apps\login_window\android\.gradle\buildOutputCleanup)" [_thread_blocked, id=7484, stack(0x000000498bbb0000,0x000000498bcb0000)]
  0x0000004986b84000 JavaThread "Unconstrained build operations" [_thread_blocked, id=7772, stack(0x000000498bcb0000,0x000000498bdb0000)]
  0x0000004986b82800 JavaThread "Unconstrained build operations Thread 2" [_thread_blocked, id=9188, stack(0x000000498bdb0000,0x000000498beb0000)]
  0x0000004986b83000 JavaThread "Unconstrained build operations Thread 3" [_thread_blocked, id=5076, stack(0x0000004984e90000,0x0000004984f90000)]
  0x0000004986b81800 JavaThread "Unconstrained build operations Thread 4" [_thread_blocked, id=8400, stack(0x000000498c2b0000,0x000000498c3b0000)]
  0x0000004986b85800 JavaThread "Unconstrained build operations Thread 5" [_thread_in_native, id=8380, stack(0x000000498c960000,0x000000498ca60000)]
  0x0000004986b86800 JavaThread "Unconstrained build operations Thread 6" [_thread_in_native, id=8372, stack(0x000000498ca60000,0x000000498cb60000)]
  0x0000004986b87800 JavaThread "Unconstrained build operations Thread 7" [_thread_blocked, id=8404, stack(0x000000498cb60000,0x000000498cc60000)]
  0x0000004986b85000 JavaThread "Unconstrained build operations Thread 8" [_thread_blocked, id=8392, stack(0x000000498cc60000,0x000000498cd60000)]
  0x0000004986b88000 JavaThread "Unconstrained build operations Thread 9" [_thread_blocked, id=8388, stack(0x000000498cd60000,0x000000498ce60000)]
  0x0000004986b89800 JavaThread "Unconstrained build operations Thread 10" [_thread_blocked, id=8368, stack(0x000000498ce60000,0x000000498cf60000)]
  0x0000004986b89000 JavaThread "Unconstrained build operations Thread 11" [_thread_blocked, id=7544, stack(0x000000498cf60000,0x000000498d060000)]
  0x0000004986bb0800 JavaThread "Unconstrained build operations Thread 12" [_thread_blocked, id=6812, stack(0x000000498d060000,0x000000498d160000)]
  0x0000004986bae800 JavaThread "Unconstrained build operations Thread 13" [_thread_blocked, id=5712, stack(0x000000498d160000,0x000000498d260000)]
  0x0000004986baf800 JavaThread "Unconstrained build operations Thread 14" [_thread_blocked, id=8536, stack(0x000000498d260000,0x000000498d360000)]
  0x0000004986bae000 JavaThread "Unconstrained build operations Thread 15" [_thread_blocked, id=6580, stack(0x000000498d360000,0x000000498d460000)]
  0x0000004986bb2000 JavaThread "Unconstrained build operations Thread 16" [_thread_blocked, id=8612, stack(0x000000498d460000,0x000000498d560000)]
  0x0000004986bb1000 JavaThread "Unconstrained build operations Thread 17" [_thread_blocked, id=8004, stack(0x000000498d560000,0x000000498d660000)]
  0x0000004986bb4800 JavaThread "Unconstrained build operations Thread 18" [_thread_blocked, id=7256, stack(0x000000498d660000,0x000000498d760000)]
  0x0000004986bb5800 JavaThread "Unconstrained build operations Thread 19" [_thread_blocked, id=7868, stack(0x000000498d760000,0x000000498d860000)]
  0x0000004986bb3000 JavaThread "Unconstrained build operations Thread 20" [_thread_blocked, id=6608, stack(0x000000498d860000,0x000000498d960000)]
  0x0000004986bb6000 JavaThread "Unconstrained build operations Thread 21" [_thread_blocked, id=8792, stack(0x000000498d960000,0x000000498da60000)]
  0x0000004986bb3800 JavaThread "Unconstrained build operations Thread 22" [_thread_blocked, id=8028, stack(0x000000498da60000,0x000000498db60000)]
  0x0000004986bb7000 JavaThread "Unconstrained build operations Thread 23" [_thread_blocked, id=8712, stack(0x000000498db60000,0x000000498dc60000)]
  0x0000004986bb7800 JavaThread "Unconstrained build operations Thread 24" [_thread_blocked, id=7808, stack(0x000000498dc60000,0x000000498dd60000)]
  0x0000004986bb9800 JavaThread "Unconstrained build operations Thread 25" [_thread_blocked, id=1140, stack(0x000000498dd60000,0x000000498de60000)]
  0x0000004986bba000 JavaThread "Unconstrained build operations Thread 26" [_thread_blocked, id=6592, stack(0x000000498de60000,0x000000498df60000)]
  0x0000004986bbb000 JavaThread "Unconstrained build operations Thread 27" [_thread_blocked, id=9060, stack(0x000000498df60000,0x000000498e060000)]
  0x0000004986bb8800 JavaThread "Unconstrained build operations Thread 28" [_thread_blocked, id=7648, stack(0x000000498e060000,0x000000498e160000)]
  0x0000004986bbc000 JavaThread "Unconstrained build operations Thread 29" [_thread_blocked, id=7220, stack(0x000000498e160000,0x000000498e260000)]
  0x0000004986bbc800 JavaThread "Unconstrained build operations Thread 30" [_thread_blocked, id=5200, stack(0x000000498e260000,0x000000498e360000)]
  0x0000004986b8e800 JavaThread "Unconstrained build operations Thread 31" [_thread_blocked, id=7212, stack(0x000000498e360000,0x000000498e460000)]
  0x0000004986b90800 JavaThread "Unconstrained build operations Thread 32" [_thread_blocked, id=7324, stack(0x000000498e460000,0x000000498e560000)]
  0x0000004986b8f800 JavaThread "Unconstrained build operations Thread 33" [_thread_blocked, id=7644, stack(0x000000498e560000,0x000000498e660000)]
  0x0000004986b8e000 JavaThread "Unconstrained build operations Thread 34" [_thread_blocked, id=7240, stack(0x000000498e660000,0x000000498e760000)]
  0x0000004986b92000 JavaThread "Unconstrained build operations Thread 35" [_thread_blocked, id=4536, stack(0x000000498e760000,0x000000498e860000)]
  0x0000004986b93000 JavaThread "Unconstrained build operations Thread 36" [_thread_blocked, id=7392, stack(0x000000498e860000,0x000000498e960000)]
  0x0000004986b93800 JavaThread "Unconstrained build operations Thread 37" [_thread_blocked, id=7672, stack(0x000000498e960000,0x000000498ea60000)]
  0x0000004986b91000 JavaThread "Unconstrained build operations Thread 38" [_thread_blocked, id=2772, stack(0x000000498ea60000,0x000000498eb60000)]
  0x0000004986b97000 JavaThread "Unconstrained build operations Thread 39" [_thread_blocked, id=6540, stack(0x000000498eb60000,0x000000498ec60000)]
  0x0000004986b95800 JavaThread "Unconstrained build operations Thread 40" [_thread_blocked, id=6248, stack(0x000000498ec60000,0x000000498ed60000)]
  0x0000004983b3c800 JavaThread "C2 CompilerThread1" daemon [_thread_in_native, id=9160, stack(0x000000498f060000,0x000000498f160000)]

Other Threads:
  0x00000049801c4800 VMThread "VM Thread" [stack: 0x0000004980f00000,0x0000004981000000] [id=8156]
  0x0000004980cdf800 WatcherThread [stack: 0x0000004981900000,0x0000004981a00000] [id=7420]
  0x00000049e7413000 GCTaskThread "GC Thread#0" [stack: 0x00000049e6db0000,0x00000049e6eb0000] [id=7988]
  0x0000004980bd6000 GCTaskThread "GC Thread#1" [stack: 0x0000004982200000,0x0000004982300000] [id=7488]
  0x0000004980bd4800 GCTaskThread "GC Thread#2" [stack: 0x0000004982300000,0x0000004982400000] [id=5936]
  0x0000004980bd8800 GCTaskThread "GC Thread#3" [stack: 0x0000004985190000,0x0000004985290000] [id=8776]
  0x00000049e743a000 ConcurrentGCThread "G1 Main Marker" [stack: 0x00000049fd7e0000,0x00000049fd8e0000] [id=7092]
  0x00000049e743c800 ConcurrentGCThread "G1 Conc#0" [stack: 0x00000049fd8e0000,0x00000049fd9e0000] [id=1148]
  0x00000049e749e800 ConcurrentGCThread "G1 Refine#0" [stack: 0x00000049ffe20000,0x00000049fff20000] [id=6032]
  0x0000004980029800 ConcurrentGCThread "G1 Young RemSet Sampling" [stack: 0x0000004980200000,0x0000004980300000] [id=7436]

Threads with active compile tasks:
C2 CompilerThread0 190703 8380       4       java.util.LinkedHashMap::get (33 bytes)
C2 CompilerThread1 190703 8487       4       org.apache.ivy.core.IvyPatternHelper::substituteVariables (213 bytes)

VM state:not at safepoint (normal execution)

VM Mutex/Monitor currently owned by a thread: None

Heap address: 0x00000000a0000000, size: 1536 MB, Compressed Oops mode: 32-bit
Narrow klass base: 0x0000000000000000, Narrow klass shift: 3
Compressed class space size: 1073741824 Address: 0x0000000100000000

Heap:
 garbage-first heap   total 131072K, used 68221K [0x00000000a0000000, 0x0000000100000000)
  region size 1024K, 34 young (34816K), 5 survivors (5120K)
 Metaspace       used 63727K, capacity 65119K, committed 65288K, reserved 1105920K
  class space    used 7857K, capacity 8380K, committed 8448K, reserved 1048576K
Heap Regions: E=young(eden), S=young(survivor), O=old, HS=humongous(starts), HC=humongous(continues), CS=collection set, F=free, A=archive, TAMS=top-at-mark-start (previous, next)
|   0|0x00000000a0000000, 0x00000000a0100000, 0x00000000a0100000|100%|HS|  |TAMS 0x00000000a0100000, 0x00000000a0000000| Complete 
|   1|0x00000000a0100000, 0x00000000a0200000, 0x00000000a0200000|100%|HC|  |TAMS 0x00000000a0200000, 0x00000000a0100000| Complete 
|   2|0x00000000a0200000, 0x00000000a0300000, 0x00000000a0300000|100%|HC|  |TAMS 0x00000000a0300000, 0x00000000a0200000| Complete 
|   3|0x00000000a0300000, 0x00000000a0400000, 0x00000000a0400000|100%| O|  |TAMS 0x00000000a0400000, 0x00000000a0300000| Untracked 
|   4|0x00000000a0400000, 0x00000000a0500000, 0x00000000a0500000|100%| O|  |TAMS 0x00000000a0500000, 0x00000000a0400000| Untracked 
|   5|0x00000000a0500000, 0x00000000a0600000, 0x00000000a0600000|100%| O|  |TAMS 0x00000000a0600000, 0x00000000a0500000| Untracked 
|   6|0x00000000a0600000, 0x00000000a0700000, 0x00000000a0700000|100%| O|  |TAMS 0x00000000a0700000, 0x00000000a0600000| Untracked 
|   7|0x00000000a0700000, 0x00000000a0800000, 0x00000000a0800000|100%| O|  |TAMS 0x00000000a0800000, 0x00000000a0700000| Untracked 
|   8|0x00000000a0800000, 0x00000000a0900000, 0x00000000a0900000|100%| O|  |TAMS 0x00000000a0900000, 0x00000000a0800000| Untracked 
|   9|0x00000000a0900000, 0x00000000a0a00000, 0x00000000a0a00000|100%| O|  |TAMS 0x00000000a0a00000, 0x00000000a0900000| Untracked 
|  10|0x00000000a0a00000, 0x00000000a0b00000, 0x00000000a0b00000|100%| O|  |TAMS 0x00000000a0b00000, 0x00000000a0a00000| Untracked 
|  11|0x00000000a0b00000, 0x00000000a0c00000, 0x00000000a0c00000|100%| O|  |TAMS 0x00000000a0c00000, 0x00000000a0b00000| Untracked 
|  12|0x00000000a0c00000, 0x00000000a0d00000, 0x00000000a0d00000|100%| O|  |TAMS 0x00000000a0d00000, 0x00000000a0c00000| Untracked 
|  13|0x00000000a0d00000, 0x00000000a0e00000, 0x00000000a0e00000|100%| O|  |TAMS 0x00000000a0e00000, 0x00000000a0d00000| Untracked 
|  14|0x00000000a0e00000, 0x00000000a0f00000, 0x00000000a0f00000|100%| O|  |TAMS 0x00000000a0f00000, 0x00000000a0e00000| Untracked 
|  15|0x00000000a0f00000, 0x00000000a1000000, 0x00000000a1000000|100%| O|  |TAMS 0x00000000a1000000, 0x00000000a0f00000| Untracked 
|  16|0x00000000a1000000, 0x00000000a1100000, 0x00000000a1100000|100%| O|  |TAMS 0x00000000a1100000, 0x00000000a1000000| Untracked 
|  17|0x00000000a1100000, 0x00000000a1200000, 0x00000000a1200000|100%| O|  |TAMS 0x00000000a1200000, 0x00000000a1100000| Untracked 
|  18|0x00000000a1200000, 0x00000000a1300000, 0x00000000a1300000|100%| O|  |TAMS 0x00000000a1300000, 0x00000000a1200000| Untracked 
|  19|0x00000000a1300000, 0x00000000a1400000, 0x00000000a1400000|100%| O|  |TAMS 0x00000000a1400000, 0x00000000a1300000| Untracked 
|  20|0x00000000a1400000, 0x00000000a1500000, 0x00000000a1500000|100%| O|  |TAMS 0x00000000a1500000, 0x00000000a1400000| Untracked 
|  21|0x00000000a1500000, 0x00000000a1600000, 0x00000000a1600000|100%| O|  |TAMS 0x00000000a1600000, 0x00000000a1500000| Untracked 
|  22|0x00000000a1600000, 0x00000000a1700000, 0x00000000a1700000|100%| O|  |TAMS 0x00000000a1700000, 0x00000000a1600000| Untracked 
|  23|0x00000000a1700000, 0x00000000a1800000, 0x00000000a1800000|100%| O|  |TAMS 0x00000000a1800000, 0x00000000a1700000| Untracked 
|  24|0x00000000a1800000, 0x00000000a1900000, 0x00000000a1900000|100%| O|  |TAMS 0x00000000a1900000, 0x00000000a1800000| Untracked 
|  25|0x00000000a1900000, 0x00000000a1a00000, 0x00000000a1a00000|100%| O|  |TAMS 0x00000000a1a00000, 0x00000000a1900000| Untracked 
|  26|0x00000000a1a00000, 0x00000000a1b00000, 0x00000000a1b00000|100%| O|  |TAMS 0x00000000a1b00000, 0x00000000a1a00000| Untracked 
|  27|0x00000000a1b00000, 0x00000000a1c00000, 0x00000000a1c00000|100%| O|  |TAMS 0x00000000a1c00000, 0x00000000a1b00000| Untracked 
|  28|0x00000000a1c00000, 0x00000000a1d00000, 0x00000000a1d00000|100%| O|  |TAMS 0x00000000a1d00000, 0x00000000a1c00000| Untracked 
|  29|0x00000000a1d00000, 0x00000000a1e00000, 0x00000000a1e00000|100%| O|  |TAMS 0x00000000a1e00000, 0x00000000a1d00000| Untracked 
|  30|0x00000000a1e00000, 0x00000000a1f00000, 0x00000000a1f00000|100%| O|  |TAMS 0x00000000a1f00000, 0x00000000a1e00000| Untracked 
|  31|0x00000000a1f00000, 0x00000000a2000000, 0x00000000a2000000|100%| O|  |TAMS 0x00000000a2000000, 0x00000000a1f00000| Untracked 
|  32|0x00000000a2000000, 0x00000000a2100000, 0x00000000a2100000|100%| O|  |TAMS 0x00000000a2000000, 0x00000000a2000000| Untracked 
|  33|0x00000000a2100000, 0x00000000a2200000, 0x00000000a2200000|100%| O|  |TAMS 0x00000000a2100000, 0x00000000a2100000| Untracked 
|  34|0x00000000a2200000, 0x00000000a2300000, 0x00000000a2300000|100%| O|  |TAMS 0x00000000a2200000, 0x00000000a2200000| Untracked 
|  35|0x00000000a2300000, 0x00000000a235a200, 0x00000000a2400000| 35%| O|  |TAMS 0x00000000a2300000, 0x00000000a2300000| Untracked 
|  36|0x00000000a2400000, 0x00000000a2400000, 0x00000000a2500000|  0%| F|  |TAMS 0x00000000a2400000, 0x00000000a2400000| Untracked 
|  37|0x00000000a2500000, 0x00000000a2500000, 0x00000000a2600000|  0%| F|  |TAMS 0x00000000a2500000, 0x00000000a2500000| Untracked 
|  38|0x00000000a2600000, 0x00000000a2600000, 0x00000000a2700000|  0%| F|  |TAMS 0x00000000a2600000, 0x00000000a2600000| Untracked 
|  39|0x00000000a2700000, 0x00000000a2700000, 0x00000000a2800000|  0%| F|  |TAMS 0x00000000a2700000, 0x00000000a2700000| Untracked 
|  40|0x00000000a2800000, 0x00000000a2800000, 0x00000000a2900000|  0%| F|  |TAMS 0x00000000a2800000, 0x00000000a2800000| Untracked 
|  41|0x00000000a2900000, 0x00000000a2900000, 0x00000000a2a00000|  0%| F|  |TAMS 0x00000000a2900000, 0x00000000a2900000| Untracked 
|  42|0x00000000a2a00000, 0x00000000a2a00000, 0x00000000a2b00000|  0%| F|  |TAMS 0x00000000a2a00000, 0x00000000a2a00000| Untracked 
|  43|0x00000000a2b00000, 0x00000000a2b00000, 0x00000000a2c00000|  0%| F|  |TAMS 0x00000000a2b00000, 0x00000000a2b00000| Untracked 
|  44|0x00000000a2c00000, 0x00000000a2c00000, 0x00000000a2d00000|  0%| F|  |TAMS 0x00000000a2c00000, 0x00000000a2c00000| Untracked 
|  45|0x00000000a2d00000, 0x00000000a2d00000, 0x00000000a2e00000|  0%| F|  |TAMS 0x00000000a2d00000, 0x00000000a2d00000| Untracked 
|  46|0x00000000a2e00000, 0x00000000a2e00000, 0x00000000a2f00000|  0%| F|  |TAMS 0x00000000a2e00000, 0x00000000a2e00000| Untracked 
|  47|0x00000000a2f00000, 0x00000000a2f00000, 0x00000000a3000000|  0%| F|  |TAMS 0x00000000a2f00000, 0x00000000a2f00000| Untracked 
|  48|0x00000000a3000000, 0x00000000a3000000, 0x00000000a3100000|  0%| F|  |TAMS 0x00000000a3000000, 0x00000000a3000000| Untracked 
|  49|0x00000000a3100000, 0x00000000a3100000, 0x00000000a3200000|  0%| F|  |TAMS 0x00000000a3100000, 0x00000000a3100000| Untracked 
|  50|0x00000000a3200000, 0x00000000a3200000, 0x00000000a3300000|  0%| F|  |TAMS 0x00000000a3200000, 0x00000000a3200000| Untracked 
|  51|0x00000000a3300000, 0x00000000a3300000, 0x00000000a3400000|  0%| F|  |TAMS 0x00000000a3300000, 0x00000000a3300000| Untracked 
|  52|0x00000000a3400000, 0x00000000a3400000, 0x00000000a3500000|  0%| F|  |TAMS 0x00000000a3400000, 0x00000000a3400000| Untracked 
|  53|0x00000000a3500000, 0x00000000a3500000, 0x00000000a3600000|  0%| F|  |TAMS 0x00000000a3500000, 0x00000000a3500000| Untracked 
|  54|0x00000000a3600000, 0x00000000a3600000, 0x00000000a3700000|  0%| F|  |TAMS 0x00000000a3600000, 0x00000000a3600000| Untracked 
|  55|0x00000000a3700000, 0x00000000a3700000, 0x00000000a3800000|  0%| F|  |TAMS 0x00000000a3700000, 0x00000000a3700000| Untracked 
|  56|0x00000000a3800000, 0x00000000a3800000, 0x00000000a3900000|  0%| F|  |TAMS 0x00000000a3800000, 0x00000000a3800000| Untracked 
|  57|0x00000000a3900000, 0x00000000a3900000, 0x00000000a3a00000|  0%| F|  |TAMS 0x00000000a3900000, 0x00000000a3900000| Untracked 
|  58|0x00000000a3a00000, 0x00000000a3a00000, 0x00000000a3b00000|  0%| F|  |TAMS 0x00000000a3a00000, 0x00000000a3a00000| Untracked 
|  59|0x00000000a3b00000, 0x00000000a3b00000, 0x00000000a3c00000|  0%| F|  |TAMS 0x00000000a3b00000, 0x00000000a3b00000| Untracked 
|  60|0x00000000a3c00000, 0x00000000a3c00000, 0x00000000a3d00000|  0%| F|  |TAMS 0x00000000a3c00000, 0x00000000a3c00000| Untracked 
|  61|0x00000000a3d00000, 0x00000000a3d00000, 0x00000000a3e00000|  0%| F|  |TAMS 0x00000000a3d00000, 0x00000000a3d00000| Untracked 
|  62|0x00000000a3e00000, 0x00000000a3e00000, 0x00000000a3f00000|  0%| F|  |TAMS 0x00000000a3e00000, 0x00000000a3e00000| Untracked 
|  63|0x00000000a3f00000, 0x00000000a3f00000, 0x00000000a4000000|  0%| F|  |TAMS 0x00000000a3f00000, 0x00000000a3f00000| Untracked 
|  64|0x00000000a4000000, 0x00000000a40452b0, 0x00000000a4100000| 27%| S|CS|TAMS 0x00000000a4000000, 0x00000000a4000000| Complete 
|  65|0x00000000a4100000, 0x00000000a4200000, 0x00000000a4200000|100%| S|CS|TAMS 0x00000000a4100000, 0x00000000a4100000| Complete 
|  66|0x00000000a4200000, 0x00000000a4300000, 0x00000000a4300000|100%| S|CS|TAMS 0x00000000a4200000, 0x00000000a4200000| Complete 
|  67|0x00000000a4300000, 0x00000000a4400000, 0x00000000a4400000|100%| S|CS|TAMS 0x00000000a4300000, 0x00000000a4300000| Complete 
|  68|0x00000000a4400000, 0x00000000a4500000, 0x00000000a4500000|100%| S|CS|TAMS 0x00000000a4400000, 0x00000000a4400000| Complete 
|  69|0x00000000a4500000, 0x00000000a4500000, 0x00000000a4600000|  0%| F|  |TAMS 0x00000000a4500000, 0x00000000a4500000| Untracked 
|  70|0x00000000a4600000, 0x00000000a4600000, 0x00000000a4700000|  0%| F|  |TAMS 0x00000000a4600000, 0x00000000a4600000| Untracked 
|  71|0x00000000a4700000, 0x00000000a4700000, 0x00000000a4800000|  0%| F|  |TAMS 0x00000000a4700000, 0x00000000a4700000| Untracked 
|  72|0x00000000a4800000, 0x00000000a4800000, 0x00000000a4900000|  0%| F|  |TAMS 0x00000000a4800000, 0x00000000a4800000| Untracked 
|  73|0x00000000a4900000, 0x00000000a4900000, 0x00000000a4a00000|  0%| F|  |TAMS 0x00000000a4900000, 0x00000000a4900000| Untracked 
|  74|0x00000000a4a00000, 0x00000000a4a00000, 0x00000000a4b00000|  0%| F|  |TAMS 0x00000000a4a00000, 0x00000000a4a00000| Untracked 
|  75|0x00000000a4b00000, 0x00000000a4b00000, 0x00000000a4c00000|  0%| F|  |TAMS 0x00000000a4b00000, 0x00000000a4b00000| Untracked 
|  76|0x00000000a4c00000, 0x00000000a4c00000, 0x00000000a4d00000|  0%| F|  |TAMS 0x00000000a4c00000, 0x00000000a4c00000| Untracked 
|  77|0x00000000a4d00000, 0x00000000a4d00000, 0x00000000a4e00000|  0%| F|  |TAMS 0x00000000a4d00000, 0x00000000a4d00000| Untracked 
|  78|0x00000000a4e00000, 0x00000000a4e00000, 0x00000000a4f00000|  0%| F|  |TAMS 0x00000000a4e00000, 0x00000000a4e00000| Untracked 
|  79|0x00000000a4f00000, 0x00000000a4f00000, 0x00000000a5000000|  0%| F|  |TAMS 0x00000000a4f00000, 0x00000000a4f00000| Untracked 
|  80|0x00000000a5000000, 0x00000000a5000000, 0x00000000a5100000|  0%| F|  |TAMS 0x00000000a5000000, 0x00000000a5000000| Untracked 
|  81|0x00000000a5100000, 0x00000000a5100000, 0x00000000a5200000|  0%| F|  |TAMS 0x00000000a5100000, 0x00000000a5100000| Untracked 
|  82|0x00000000a5200000, 0x00000000a5200000, 0x00000000a5300000|  0%| F|  |TAMS 0x00000000a5200000, 0x00000000a5200000| Untracked 
|  83|0x00000000a5300000, 0x00000000a5300000, 0x00000000a5400000|  0%| F|  |TAMS 0x00000000a5300000, 0x00000000a5300000| Untracked 
|  84|0x00000000a5400000, 0x00000000a5400000, 0x00000000a5500000|  0%| F|  |TAMS 0x00000000a5400000, 0x00000000a5400000| Untracked 
|  85|0x00000000a5500000, 0x00000000a5500000, 0x00000000a5600000|  0%| F|  |TAMS 0x00000000a5500000, 0x00000000a5500000| Untracked 
|  86|0x00000000a5600000, 0x00000000a5600000, 0x00000000a5700000|  0%| F|  |TAMS 0x00000000a5600000, 0x00000000a5600000| Untracked 
|  87|0x00000000a5700000, 0x00000000a5700000, 0x00000000a5800000|  0%| F|  |TAMS 0x00000000a5700000, 0x00000000a5700000| Untracked 
|  88|0x00000000a5800000, 0x00000000a5800000, 0x00000000a5900000|  0%| F|  |TAMS 0x00000000a5800000, 0x00000000a5800000| Untracked 
|  89|0x00000000a5900000, 0x00000000a5900000, 0x00000000a5a00000|  0%| F|  |TAMS 0x00000000a5900000, 0x00000000a5900000| Untracked 
|  90|0x00000000a5a00000, 0x00000000a5a00000, 0x00000000a5b00000|  0%| F|  |TAMS 0x00000000a5a00000, 0x00000000a5a00000| Untracked 
|  91|0x00000000a5b00000, 0x00000000a5b00000, 0x00000000a5c00000|  0%| F|  |TAMS 0x00000000a5b00000, 0x00000000a5b00000| Untracked 
|  92|0x00000000a5c00000, 0x00000000a5c00000, 0x00000000a5d00000|  0%| F|  |TAMS 0x00000000a5c00000, 0x00000000a5c00000| Untracked 
|  93|0x00000000a5d00000, 0x00000000a5d00000, 0x00000000a5e00000|  0%| F|  |TAMS 0x00000000a5d00000, 0x00000000a5d00000| Untracked 
|  94|0x00000000a5e00000, 0x00000000a5e00000, 0x00000000a5f00000|  0%| F|  |TAMS 0x00000000a5e00000, 0x00000000a5e00000| Untracked 
|  95|0x00000000a5f00000, 0x00000000a5f00000, 0x00000000a6000000|  0%| F|  |TAMS 0x00000000a5f00000, 0x00000000a5f00000| Untracked 
|  96|0x00000000a6000000, 0x00000000a6000000, 0x00000000a6100000|  0%| F|  |TAMS 0x00000000a6000000, 0x00000000a6000000| Untracked 
|  97|0x00000000a6100000, 0x00000000a6100000, 0x00000000a6200000|  0%| F|  |TAMS 0x00000000a6100000, 0x00000000a6100000| Untracked 
|  98|0x00000000a6200000, 0x00000000a6200000, 0x00000000a6300000|  0%| F|  |TAMS 0x00000000a6200000, 0x00000000a6200000| Untracked 
|  99|0x00000000a6300000, 0x00000000a631d530, 0x00000000a6400000| 11%| E|  |TAMS 0x00000000a6300000, 0x00000000a6300000| Complete 
| 100|0x00000000a6400000, 0x00000000a6500000, 0x00000000a6500000|100%| E|CS|TAMS 0x00000000a6400000, 0x00000000a6400000| Complete 
| 101|0x00000000a6500000, 0x00000000a6600000, 0x00000000a6600000|100%| E|CS|TAMS 0x00000000a6500000, 0x00000000a6500000| Complete 
| 102|0x00000000a6600000, 0x00000000a6700000, 0x00000000a6700000|100%| E|CS|TAMS 0x00000000a6600000, 0x00000000a6600000| Complete 
| 103|0x00000000a6700000, 0x00000000a6800000, 0x00000000a6800000|100%| E|CS|TAMS 0x00000000a6700000, 0x00000000a6700000| Complete 
| 104|0x00000000a6800000, 0x00000000a6900000, 0x00000000a6900000|100%| E|CS|TAMS 0x00000000a6800000, 0x00000000a6800000| Complete 
| 105|0x00000000a6900000, 0x00000000a6a00000, 0x00000000a6a00000|100%| E|CS|TAMS 0x00000000a6900000, 0x00000000a6900000| Complete 
| 106|0x00000000a6a00000, 0x00000000a6b00000, 0x00000000a6b00000|100%| E|CS|TAMS 0x00000000a6a00000, 0x00000000a6a00000| Complete 
| 107|0x00000000a6b00000, 0x00000000a6c00000, 0x00000000a6c00000|100%| E|CS|TAMS 0x00000000a6b00000, 0x00000000a6b00000| Complete 
| 108|0x00000000a6c00000, 0x00000000a6d00000, 0x00000000a6d00000|100%| E|CS|TAMS 0x00000000a6c00000, 0x00000000a6c00000| Complete 
| 109|0x00000000a6d00000, 0x00000000a6e00000, 0x00000000a6e00000|100%| E|CS|TAMS 0x00000000a6d00000, 0x00000000a6d00000| Complete 
| 110|0x00000000a6e00000, 0x00000000a6f00000, 0x00000000a6f00000|100%| E|CS|TAMS 0x00000000a6e00000, 0x00000000a6e00000| Complete 
| 111|0x00000000a6f00000, 0x00000000a7000000, 0x00000000a7000000|100%| E|CS|TAMS 0x00000000a6f00000, 0x00000000a6f00000| Complete 
| 112|0x00000000a7000000, 0x00000000a7100000, 0x00000000a7100000|100%| E|CS|TAMS 0x00000000a7000000, 0x00000000a7000000| Complete 
| 113|0x00000000a7100000, 0x00000000a7200000, 0x00000000a7200000|100%| E|CS|TAMS 0x00000000a7100000, 0x00000000a7100000| Complete 
| 114|0x00000000a7200000, 0x00000000a7300000, 0x00000000a7300000|100%| E|CS|TAMS 0x00000000a7200000, 0x00000000a7200000| Complete 
| 115|0x00000000a7300000, 0x00000000a7400000, 0x00000000a7400000|100%| E|CS|TAMS 0x00000000a7300000, 0x00000000a7300000| Complete 
| 116|0x00000000a7400000, 0x00000000a7500000, 0x00000000a7500000|100%| E|CS|TAMS 0x00000000a7400000, 0x00000000a7400000| Complete 
| 117|0x00000000a7500000, 0x00000000a7600000, 0x00000000a7600000|100%| E|  |TAMS 0x00000000a7500000, 0x00000000a7500000| Complete 
| 118|0x00000000a7600000, 0x00000000a7700000, 0x00000000a7700000|100%| E|CS|TAMS 0x00000000a7600000, 0x00000000a7600000| Complete 
| 119|0x00000000a7700000, 0x00000000a7800000, 0x00000000a7800000|100%| E|CS|TAMS 0x00000000a7700000, 0x00000000a7700000| Complete 
| 120|0x00000000a7800000, 0x00000000a7900000, 0x00000000a7900000|100%| E|CS|TAMS 0x00000000a7800000, 0x00000000a7800000| Complete 
| 121|0x00000000a7900000, 0x00000000a7a00000, 0x00000000a7a00000|100%| E|CS|TAMS 0x00000000a7900000, 0x00000000a7900000| Complete 
| 122|0x00000000a7a00000, 0x00000000a7b00000, 0x00000000a7b00000|100%| E|CS|TAMS 0x00000000a7a00000, 0x00000000a7a00000| Complete 
| 123|0x00000000a7b00000, 0x00000000a7c00000, 0x00000000a7c00000|100%| E|CS|TAMS 0x00000000a7b00000, 0x00000000a7b00000| Complete 
| 124|0x00000000a7c00000, 0x00000000a7d00000, 0x00000000a7d00000|100%| E|CS|TAMS 0x00000000a7c00000, 0x00000000a7c00000| Complete 
| 125|0x00000000a7d00000, 0x00000000a7e00000, 0x00000000a7e00000|100%| E|CS|TAMS 0x00000000a7d00000, 0x00000000a7d00000| Complete 
| 126|0x00000000a7e00000, 0x00000000a7f00000, 0x00000000a7f00000|100%| E|CS|TAMS 0x00000000a7e00000, 0x00000000a7e00000| Complete 
| 127|0x00000000a7f00000, 0x00000000a8000000, 0x00000000a8000000|100%| E|CS|TAMS 0x00000000a7f00000, 0x00000000a7f00000| Complete 

Card table byte_map: [0x00000049fa1e0000,0x00000049fa4e0000] _byte_map_base: 0x00000049f9ce0000

Marking Bits (Prev, Next): (CMBitMap*) 0x00000049e7433410, (CMBitMap*) 0x00000049e74333d8
 Prev Bits: [0x00000049fbfe0000, 0x00000049fd7e0000)
 Next Bits: [0x00000049fa7e0000, 0x00000049fbfe0000)

Polling page: 0x00000049e6ba0000

Metaspace:

Usage:
  Non-class:     55.41 MB capacity,    54.56 MB ( 98%) used,   705.61 KB (  1%) free+waste,   163.50 KB ( <1%) overhead. 
      Class:      8.18 MB capacity,     7.67 MB ( 94%) used,   447.89 KB (  5%) free+waste,    74.94 KB ( <1%) overhead. 
       Both:     63.59 MB capacity,    62.23 MB ( 98%) used,     1.13 MB (  2%) free+waste,   238.44 KB ( <1%) overhead. 

Virtual space:
  Non-class space:       56.00 MB reserved,      55.51 MB (>99%) committed 
      Class space:        1.00 GB reserved,       8.25 MB ( <1%) committed 
             Both:        1.05 GB reserved,      63.76 MB (  6%) committed 

Chunk freelists:
   Non-Class:  37.00 KB
       Class:  4.00 KB
        Both:  41.00 KB

MaxMetaspaceSize: 17179869184.00 GB
CompressedClassSpaceSize: 1.00 GB
Initial GC threshold: 20.80 MB
Current GC threshold: 98.55 MB
CDS: off

CodeHeap 'non-profiled nmethods': size=120064Kb used=5375Kb max_used=5375Kb free=114688Kb
 bounds [0x00000049f29a0000, 0x00000049f2ee0000, 0x00000049f9ee0000]
CodeHeap 'profiled nmethods': size=120000Kb used=18842Kb max_used=18842Kb free=101157Kb
 bounds [0x00000049eb470000, 0x00000049ec6e0000, 0x00000049f29a0000]
CodeHeap 'non-nmethods': size=5696Kb used=2347Kb max_used=2391Kb free=3348Kb
 bounds [0x00000049eaee0000, 0x00000049eb150000, 0x00000049eb470000]
 total_blobs=9316 nmethods=8446 adapters=783
 compilation: enabled
              stopped_count=0, restarted_count=0
 full_count=0

Compilation events (20 events):
Event: 181.787 Thread 0x0000004980bc1000 8383   !   3       org.gradle.api.internal.artifacts.ivyservice.modulecache.ModuleSourcesSerializer::lambda$write$0 (77 bytes)
Event: 181.788 Thread 0x0000004980bc1000 nmethod 8383 0x00000049ec68c890 code [0x00000049ec68cb00, 0x00000049ec68d6e8]
Event: 181.788 Thread 0x0000004980bc1000 8384       3       org.gradle.cache.internal.AsyncCacheAccessDecoratedCache::get (17 bytes)
Event: 181.789 Thread 0x0000004980bc1000 nmethod 8384 0x00000049ec68dc10 code [0x00000049ec68de20, 0x00000049ec68e488]
Event: 181.796 Thread 0x0000004980bc1000 8385       3       org.gradle.internal.component.external.model.maven.DefaultMavenModuleResolveMetadata::populateConfigurationFromDescriptor (34 bytes)
Event: 181.797 Thread 0x0000004980bc1000 nmethod 8385 0x00000049ec68e710 code [0x00000049ec68e940, 0x00000049ec68f088]
Event: 181.797 Thread 0x0000004980bc1000 8386       3       org.gradle.internal.component.external.model.AbstractLazyModuleComponentResolveMetadata::populateConfigurationFromDescriptor (56 bytes)
Event: 181.797 Thread 0x0000004980bc1000 nmethod 8386 0x00000049ec68f290 code [0x00000049ec68f480, 0x00000049ec68f9e8]
Event: 181.797 Thread 0x0000004980bc1000 8389       1       org.gradle.internal.resolve.result.DefaultBuildableComponentIdResolveResult::getFailure (5 bytes)
Event: 181.797 Thread 0x0000004980bc1000 nmethod 8389 0x00000049f2ed8210 code [0x00000049f2ed83c0, 0x00000049f2ed8478]
Event: 181.797 Thread 0x0000004980bc1000 8387       3       org.gradle.api.internal.artifacts.ivyservice.resolveengine.graph.builder.EdgeState::getTargetComponent (27 bytes)
Event: 181.798 Thread 0x0000004980bc1000 nmethod 8387 0x00000049ec68fb90 code [0x00000049ec68fd60, 0x00000049ec68fff8]
Event: 181.798 Thread 0x0000004980bc1000 8388       3       org.gradle.api.internal.artifacts.ivyservice.resolveengine.graph.builder.EdgeState::getSelectedComponent (11 bytes)
Event: 181.798 Thread 0x0000004980bc1000 nmethod 8388 0x00000049ec690110 code [0x00000049ec6902c0, 0x00000049ec6903f8]
Event: 181.798 Thread 0x0000004980bc1000 8390       1       org.gradle.api.internal.artifacts.dependencies.DefaultResolvedVersionConstraint::getRequiredSelector (5 bytes)
Event: 181.798 Thread 0x0000004980bc1000 nmethod 8390 0x00000049f2ed8510 code [0x00000049f2ed86c0, 0x00000049f2ed8778]
Event: 181.798 Thread 0x0000004980bc1000 8391       1       org.gradle.api.internal.artifacts.ivyservice.resolveengine.graph.builder.EdgeState::getFrom (5 bytes)
Event: 181.798 Thread 0x0000004980bc1000 nmethod 8391 0x00000049f2ed8810 code [0x00000049f2ed89c0, 0x00000049f2ed8a78]
Event: 181.809 Thread 0x0000004980b64000 nmethod 8368% 0x00000049f2ed8b10 code [0x00000049f2ed8cc0, 0x00000049f2ed9518]
Event: 181.809 Thread 0x0000004980b64000 8380       4       java.util.LinkedHashMap::get (33 bytes)

GC Heap History (20 events):
Event: 57.990 GC heap before
{Heap before GC invocations=5 (full 0):
 garbage-first heap   total 131072K, used 68497K [0x00000000a0000000, 0x0000000100000000)
  region size 1024K, 52 young (53248K), 2 survivors (2048K)
 Metaspace       used 26245K, capacity 26885K, committed 27056K, reserved 1073152K
  class space    used 3349K, capacity 3567K, committed 3584K, reserved 1048576K
}
Event: 58.002 GC heap after
{Heap after GC invocations=6 (full 0):
 garbage-first heap   total 131072K, used 19407K [0x00000000a0000000, 0x0000000100000000)
  region size 1024K, 4 young (4096K), 4 survivors (4096K)
 Metaspace       used 26245K, capacity 26885K, committed 27056K, reserved 1073152K
  class space    used 3349K, capacity 3567K, committed 3584K, reserved 1048576K
}
Event: 62.851 GC heap before
{Heap before GC invocations=6 (full 0):
 garbage-first heap   total 131072K, used 75727K [0x00000000a0000000, 0x0000000100000000)
  region size 1024K, 59 young (60416K), 4 survivors (4096K)
 Metaspace       used 31824K, capacity 32531K, committed 32560K, reserved 1077248K
  class space    used 4205K, capacity 4475K, committed 4480K, reserved 1048576K
}
Event: 62.863 GC heap after
{Heap after GC invocations=7 (full 0):
 garbage-first heap   total 131072K, used 21169K [0x00000000a0000000, 0x0000000100000000)
  region size 1024K, 6 young (6144K), 6 survivors (6144K)
 Metaspace       used 31824K, capacity 32531K, committed 32560K, reserved 1077248K
  class space    used 4205K, capacity 4475K, committed 4480K, reserved 1048576K
}
Event: 63.907 GC heap before
{Heap before GC invocations=7 (full 0):
 garbage-first heap   total 131072K, used 28337K [0x00000000a0000000, 0x0000000100000000)
  region size 1024K, 14 young (14336K), 6 survivors (6144K)
 Metaspace       used 35088K, capacity 35799K, committed 35920K, reserved 1081344K
  class space    used 4489K, capacity 4798K, committed 4864K, reserved 1048576K
}
Event: 63.944 GC heap after
{Heap after GC invocations=8 (full 0):
 garbage-first heap   total 131072K, used 22855K [0x00000000a0000000, 0x0000000100000000)
  region size 1024K, 6 young (6144K), 6 survivors (6144K)
 Metaspace       used 35088K, capacity 35799K, committed 35920K, reserved 1081344K
  class space    used 4489K, capacity 4798K, committed 4864K, reserved 1048576K
}
Event: 88.082 GC heap before
{Heap before GC invocations=9 (full 0):
 garbage-first heap   total 131072K, used 81223K [0x00000000a0000000, 0x0000000100000000)
  region size 1024K, 61 young (62464K), 6 survivors (6144K)
 Metaspace       used 40022K, capacity 40906K, committed 41168K, reserved 1085440K
  class space    used 5023K, capacity 5387K, committed 5504K, reserved 1048576K
}
Event: 88.107 GC heap after
{Heap after GC invocations=10 (full 0):
 garbage-first heap   total 131072K, used 27254K [0x00000000a0000000, 0x0000000100000000)
  region size 1024K, 8 young (8192K), 8 survivors (8192K)
 Metaspace       used 40022K, capacity 40906K, committed 41168K, reserved 1085440K
  class space    used 5023K, capacity 5387K, committed 5504K, reserved 1048576K
}
Event: 99.600 GC heap before
{Heap before GC invocations=10 (full 0):
 garbage-first heap   total 131072K, used 84598K [0x00000000a0000000, 0x0000000100000000)
  region size 1024K, 63 young (64512K), 8 survivors (8192K)
 Metaspace       used 46642K, capacity 47728K, committed 47952K, reserved 1091584K
  class space    used 5975K, capacity 6357K, committed 6400K, reserved 1048576K
}
Event: 99.624 GC heap after
{Heap after GC invocations=11 (full 0):
 garbage-first heap   total 131072K, used 30010K [0x00000000a0000000, 0x0000000100000000)
  region size 1024K, 4 young (4096K), 4 survivors (4096K)
 Metaspace       used 46642K, capacity 47728K, committed 47952K, reserved 1091584K
  class space    used 5975K, capacity 6357K, committed 6400K, reserved 1048576K
}
Event: 105.629 GC heap before
{Heap before GC invocations=11 (full 0):
 garbage-first heap   total 131072K, used 88378K [0x00000000a0000000, 0x0000000100000000)
  region size 1024K, 61 young (62464K), 4 survivors (4096K)
 Metaspace       used 50726K, capacity 51856K, committed 52048K, reserved 1095680K
  class space    used 6458K, capacity 6877K, committed 6912K, reserved 1048576K
}
Event: 105.645 GC heap after
{Heap after GC invocations=12 (full 0):
 garbage-first heap   total 131072K, used 32795K [0x00000000a0000000, 0x0000000100000000)
  region size 1024K, 7 young (7168K), 7 survivors (7168K)
 Metaspace       used 50726K, capacity 51856K, committed 52048K, reserved 1095680K
  class space    used 6458K, capacity 6877K, committed 6912K, reserved 1048576K
}
Event: 114.354 GC heap before
{Heap before GC invocations=12 (full 0):
 garbage-first heap   total 131072K, used 90139K [0x00000000a0000000, 0x0000000100000000)
  region size 1024K, 64 young (65536K), 7 survivors (7168K)
 Metaspace       used 58540K, capacity 59789K, committed 60112K, reserved 1101824K
  class space    used 7458K, capacity 7939K, committed 8064K, reserved 1048576K
}
Event: 114.377 GC heap after
{Heap after GC invocations=13 (full 0):
 garbage-first heap   total 131072K, used 36469K [0x00000000a0000000, 0x0000000100000000)
  region size 1024K, 8 young (8192K), 8 survivors (8192K)
 Metaspace       used 58540K, capacity 59789K, committed 60112K, reserved 1101824K
  class space    used 7458K, capacity 7939K, committed 8064K, reserved 1048576K
}
Event: 114.533 GC heap before
{Heap before GC invocations=13 (full 0):
 garbage-first heap   total 131072K, used 36469K [0x00000000a0000000, 0x0000000100000000)
  region size 1024K, 9 young (9216K), 8 survivors (8192K)
 Metaspace       used 58814K, capacity 60086K, committed 60296K, reserved 1101824K
  class space    used 7490K, capacity 7973K, committed 8064K, reserved 1048576K
}
Event: 114.550 GC heap after
{Heap after GC invocations=14 (full 0):
 garbage-first heap   total 131072K, used 36821K [0x00000000a0000000, 0x0000000100000000)
  region size 1024K, 4 young (4096K), 4 survivors (4096K)
 Metaspace       used 58814K, capacity 60086K, committed 60296K, reserved 1101824K
  class space    used 7490K, capacity 7973K, committed 8064K, reserved 1048576K
}
Event: 140.342 GC heap before
{Heap before GC invocations=15 (full 0):
 garbage-first heap   total 131072K, used 97237K [0x00000000a0000000, 0x0000000100000000)
  region size 1024K, 64 young (65536K), 4 survivors (4096K)
 Metaspace       used 62883K, capacity 64263K, committed 64520K, reserved 1105920K
  class space    used 7851K, capacity 8380K, committed 8448K, reserved 1048576K
}
Event: 140.354 GC heap after
{Heap after GC invocations=16 (full 0):
 garbage-first heap   total 131072K, used 39122K [0x00000000a0000000, 0x0000000100000000)
  region size 1024K, 7 young (7168K), 7 survivors (7168K)
 Metaspace       used 62883K, capacity 64263K, committed 64520K, reserved 1105920K
  class space    used 7851K, capacity 8380K, committed 8448K, reserved 1048576K
}
Event: 163.594 GC heap before
{Heap before GC invocations=16 (full 0):
 garbage-first heap   total 131072K, used 98514K [0x00000000a0000000, 0x0000000100000000)
  region size 1024K, 66 young (67584K), 7 survivors (7168K)
 Metaspace       used 63564K, capacity 64990K, committed 65288K, reserved 1105920K
  class space    used 7857K, capacity 8380K, committed 8448K, reserved 1048576K
}
Event: 163.609 GC heap after
{Heap after GC invocations=17 (full 0):
 garbage-first heap   total 131072K, used 40573K [0x00000000a0000000, 0x0000000100000000)
  region size 1024K, 5 young (5120K), 5 survivors (5120K)
 Metaspace       used 63564K, capacity 64990K, committed 65288K, reserved 1105920K
  class space    used 7857K, capacity 8380K, committed 8448K, reserved 1048576K
}

Deoptimization events (20 events):
Event: 160.838 Thread 0x0000004986bb6000 DEOPT PACKING pc=0x00000049ec2d570f sp=0x000000498da5c3d0
Event: 160.838 Thread 0x0000004986bb6000 DEOPT UNPACKING pc=0x00000049eaf2a93f sp=0x000000498da5ba20 mode 0
Event: 163.220 Thread 0x00000049837da000 DEOPT PACKING pc=0x00000049ec325c3d sp=0x000000498608e340
Event: 163.220 Thread 0x00000049837da000 DEOPT UNPACKING pc=0x00000049eaf2a93f sp=0x000000498608d800 mode 0
Event: 163.236 Thread 0x00000049824c7000 DEOPT PACKING pc=0x00000049ec4c6531 sp=0x0000004985a865f0
Event: 163.236 Thread 0x00000049824c7000 DEOPT UNPACKING pc=0x00000049eaf2a93f sp=0x0000004985a85aa0 mode 0
Event: 164.705 Thread 0x0000004986b93800 Uncommon trap: trap_request=0xffffffbe fr.pc=0x00000049f2e74498 relative=0x0000000000000438
Event: 164.705 Thread 0x0000004986b93800 Uncommon trap: reason=profile_predicate action=maybe_recompile pc=0x00000049f2e74498 method=sun.nio.cs.ISO_8859_1$Decoder.decodeArrayLoop(Ljava/nio/ByteBuffer;Ljava/nio/CharBuffer;)Ljava/nio/charset/CoderResult; @ 133 c2
Event: 164.705 Thread 0x0000004986b93800 DEOPT PACKING pc=0x00000049f2e74498 sp=0x000000498ea5b730
Event: 164.705 Thread 0x0000004986b93800 DEOPT UNPACKING pc=0x00000049eaf2a1a9 sp=0x000000498ea5b6a0 mode 2
Event: 165.694 Thread 0x0000004986b93800 Uncommon trap: trap_request=0xffffffbe fr.pc=0x00000049f2e74498 relative=0x0000000000000438
Event: 165.694 Thread 0x0000004986b93800 Uncommon trap: reason=profile_predicate action=maybe_recompile pc=0x00000049f2e74498 method=sun.nio.cs.ISO_8859_1$Decoder.decodeArrayLoop(Ljava/nio/ByteBuffer;Ljava/nio/CharBuffer;)Ljava/nio/charset/CoderResult; @ 133 c2
Event: 165.694 Thread 0x0000004986b93800 DEOPT PACKING pc=0x00000049f2e74498 sp=0x000000498ea5c860
Event: 165.694 Thread 0x0000004986b93800 DEOPT UNPACKING pc=0x00000049eaf2a1a9 sp=0x000000498ea5c7d0 mode 2
Event: 165.959 Thread 0x0000004986b83000 Uncommon trap: trap_request=0xffffff4d fr.pc=0x00000049f2e8b320 relative=0x00000000000009c0
Event: 165.959 Thread 0x0000004986b83000 Uncommon trap: reason=unstable_if action=reinterpret pc=0x00000049f2e8b320 method=org.gradle.internal.resource.ExternalResourceName.encode(Ljava/lang/String;Z)Ljava/lang/String; @ 50 c2
Event: 165.959 Thread 0x0000004986b83000 DEOPT PACKING pc=0x00000049f2e8b320 sp=0x0000004984f8cee0
Event: 165.959 Thread 0x0000004986b83000 DEOPT UNPACKING pc=0x00000049eaf2a1a9 sp=0x0000004984f8ceb0 mode 2
Event: 181.778 Thread 0x0000004986b82800 DEOPT PACKING pc=0x00000049ec51be00 sp=0x000000498beaca30
Event: 181.778 Thread 0x0000004986b82800 DEOPT UNPACKING pc=0x00000049eaf2a93f sp=0x000000498beabf08 mode 0

Classes redefined (0 events):
No events

Internal exceptions (20 events):
Event: 115.299 Thread 0x00000049824c7000 Exception <a 'java/lang/NoSuchMethodError'{0x00000000a75cea68}: 'java.lang.Object java.lang.invoke.DirectMethodHandle$Holder.invokeStatic(java.lang.Object, java.lang.Object, java.lang.Object, java.lang.Object, int)'> (0x00000000a75cea68) thrown at [./src/hotspot/share/interpreter/linkResolver.cpp, line 773]
Event: 118.060 Thread 0x00000049824c7000 Exception <a 'java/net/SocketTimeoutException'{0x00000000a71bc068}: Read timed out> (0x00000000a71bc068) thrown at [./src/hotspot/share/prims/jni.cpp, line 637]
Event: 118.161 Thread 0x00000049824c7000 Exception <a 'java/lang/NoSuchMethodError'{0x00000000a6ec7310}: 'int java.lang.invoke.DirectMethodHandle$Holder.invokeStaticInit(java.lang.Object)'> (0x00000000a6ec7310) thrown at [./src/hotspot/share/interpreter/linkResolver.cpp, line 773]
Event: 119.142 Thread 0x00000049824c7000 Exception <a 'java/net/SocketTimeoutException'{0x00000000a6b72888}: Read timed out> (0x00000000a6b72888) thrown at [./src/hotspot/share/prims/jni.cpp, line 637]
Event: 123.530 Thread 0x0000004986b83000 Exception <a 'java/net/SocketTimeoutException'{0x00000000a6392628}: Read timed out> (0x00000000a6392628) thrown at [./src/hotspot/share/prims/jni.cpp, line 637]
Event: 123.531 Thread 0x0000004986b84000 Exception <a 'java/net/SocketTimeoutException'{0x00000000a63a7520}: Read timed out> (0x00000000a63a7520) thrown at [./src/hotspot/share/prims/jni.cpp, line 637]
Event: 124.150 Thread 0x0000004986baf800 Exception <a 'java/net/SocketTimeoutException'{0x00000000a660c690}: Read timed out> (0x00000000a660c690) thrown at [./src/hotspot/share/prims/jni.cpp, line 637]
Event: 125.739 Thread 0x0000004986b87800 Exception <a 'java/net/SocketTimeoutException'{0x00000000a5bfe320}: Read timed out> (0x00000000a5bfe320) thrown at [./src/hotspot/share/prims/jni.cpp, line 637]
Event: 129.318 Thread 0x0000004986bb3000 Exception <a 'java/net/SocketTimeoutException'{0x00000000a5510d60}: Read timed out> (0x00000000a5510d60) thrown at [./src/hotspot/share/prims/jni.cpp, line 637]
Event: 130.479 Thread 0x0000004986bb4800 Exception <a 'java/net/SocketTimeoutException'{0x00000000a593ea30}: Read timed out> (0x00000000a593ea30) thrown at [./src/hotspot/share/prims/jni.cpp, line 637]
Event: 132.659 Thread 0x0000004986bb7000 Exception <a 'java/net/SocketTimeoutException'{0x00000000a69f0c90}: Read timed out> (0x00000000a69f0c90) thrown at [./src/hotspot/share/prims/jni.cpp, line 637]
Event: 132.755 Thread 0x0000004986bb7800 Exception <a 'java/net/SocketTimeoutException'{0x00000000a52ef838}: Read timed out> (0x00000000a52ef838) thrown at [./src/hotspot/share/prims/jni.cpp, line 637]
Event: 141.678 Thread 0x0000004986b95800 Exception <a 'java/net/SocketTimeoutException'{0x00000000a79f6098}: Read timed out> (0x00000000a79f6098) thrown at [./src/hotspot/share/prims/jni.cpp, line 637]
Event: 145.691 Thread 0x00000049824c7000 Exception <a 'java/net/SocketTimeoutException'{0x00000000a6e754a8}: Read timed out> (0x00000000a6e754a8) thrown at [./src/hotspot/share/prims/jni.cpp, line 637]
Event: 147.615 Thread 0x0000004986bb4800 Exception <a 'java/net/SocketTimeoutException'{0x00000000a6b8f290}: Read timed out> (0x00000000a6b8f290) thrown at [./src/hotspot/share/prims/jni.cpp, line 637]
Event: 154.099 Thread 0x0000004986b93000 Exception <a 'java/net/SocketTimeoutException'{0x00000000a5c0bfa8}: Read timed out> (0x00000000a5c0bfa8) thrown at [./src/hotspot/share/prims/jni.cpp, line 637]
Event: 159.599 Thread 0x0000004986bb6000 Exception <a 'java/net/SocketTimeoutException'{0x00000000a52b25f0}: Read timed out> (0x00000000a52b25f0) thrown at [./src/hotspot/share/prims/jni.cpp, line 637]
Event: 159.672 Thread 0x0000004986bb6000 Exception <a 'java/net/SocketTimeoutException'{0x00000000a5123b30}: Read timed out> (0x00000000a5123b30) thrown at [./src/hotspot/share/prims/jni.cpp, line 637]
Event: 166.140 Thread 0x0000004986b84000 Exception <a 'java/net/SocketTimeoutException'{0x00000000a7b73fc8}: Read timed out> (0x00000000a7b73fc8) thrown at [./src/hotspot/share/prims/jni.cpp, line 637]
Event: 166.207 Thread 0x0000004986b91000 Exception <a 'java/net/SocketTimeoutException'{0x00000000a7bffa38}: Read timed out> (0x00000000a7bffa38) thrown at [./src/hotspot/share/prims/jni.cpp, line 637]

Events (20 events):
Event: 161.322 Executing VM operation: RevokeBias
Event: 161.322 Executing VM operation: RevokeBias done
Event: 161.326 Executing VM operation: RevokeBias
Event: 161.326 Executing VM operation: RevokeBias done
Event: 163.232 Executing VM operation: RevokeBias
Event: 163.232 Executing VM operation: RevokeBias done
Event: 163.233 Executing VM operation: RevokeBias
Event: 163.233 Executing VM operation: RevokeBias done
Event: 163.274 Executing VM operation: RevokeBias
Event: 163.274 Executing VM operation: RevokeBias done
Event: 163.594 Executing VM operation: G1CollectForAllocation
Event: 163.610 Executing VM operation: G1CollectForAllocation done
Event: 166.203 Executing VM operation: RevokeBias
Event: 166.204 Executing VM operation: RevokeBias done
Event: 181.759 Executing VM operation: RevokeBias
Event: 181.759 Executing VM operation: RevokeBias done
Event: 181.767 Executing VM operation: RevokeBias
Event: 181.769 Executing VM operation: RevokeBias done
Event: 181.772 Executing VM operation: RevokeBias
Event: 181.773 Executing VM operation: RevokeBias done


Dynamic libraries:
0x00007ff7ca180000 - 0x00007ff7ca18a000 	D:\android_studio\jre\bin\java.exe
0x00007ffafb5f0000 - 0x00007ffafb79d000 	C:\Windows\SYSTEM32\ntdll.dll
0x00007ffaf9680000 - 0x00007ffaf97bf000 	C:\Windows\system32\KERNEL32.DLL
0x00007ffaf8860000 - 0x00007ffaf8975000 	C:\Windows\system32\KERNELBASE.dll
0x00007ffae9da0000 - 0x00007ffae9db9000 	D:\android_studio\jre\bin\jli.dll
0x00007ffae4120000 - 0x00007ffae4137000 	D:\android_studio\jre\bin\VCRUNTIME140.dll
0x00007ffae4620000 - 0x00007ffae4624000 	C:\Windows\SYSTEM32\api-ms-win-crt-stdio-l1-1-0.dll
0x00007ffae4110000 - 0x00007ffae4114000 	C:\Windows\SYSTEM32\api-ms-win-crt-runtime-l1-1-0.dll
0x00007ffae4100000 - 0x00007ffae4103000 	C:\Windows\SYSTEM32\api-ms-win-crt-environment-l1-1-0.dll
0x00007ffae40f0000 - 0x00007ffae40f5000 	C:\Windows\SYSTEM32\api-ms-win-crt-math-l1-1-0.dll
0x00007ffae40e0000 - 0x00007ffae40e3000 	C:\Windows\SYSTEM32\api-ms-win-crt-locale-l1-1-0.dll
0x00007ffae40d0000 - 0x00007ffae40d3000 	C:\Windows\SYSTEM32\api-ms-win-crt-heap-l1-1-0.dll
0x00007ffaf6300000 - 0x00007ffaf657b000 	C:\Windows\WinSxS\amd64_microsoft.windows.common-controls_6595b64144ccf1df_6.0.9600.19394_none_62486577ecb635cf\COMCTL32.dll
0x00007ffaf8c70000 - 0x00007ffaf8de7000 	C:\Windows\system32\USER32.dll
0x00007ffae40c0000 - 0x00007ffae40c3000 	C:\Windows\SYSTEM32\api-ms-win-crt-filesystem-l1-1-0.dll
0x00007ffae40b0000 - 0x00007ffae40b4000 	C:\Windows\SYSTEM32\api-ms-win-crt-string-l1-1-0.dll
0x00007ffae40a0000 - 0x00007ffae40a4000 	C:\Windows\SYSTEM32\api-ms-win-crt-convert-l1-1-0.dll
0x00007ffaf98a0000 - 0x00007ffaf994a000 	C:\Windows\system32\msvcrt.dll
0x00007ffaf9070000 - 0x00007ffaf91be000 	C:\Windows\system32\GDI32.dll
0x00007ffac9eb0000 - 0x00007ffac9fa4000 	C:\Windows\SYSTEM32\ucrtbase.DLL
0x00007ffaf9460000 - 0x00007ffaf9496000 	C:\Windows\system32\IMM32.DLL
0x00007ffaf94a0000 - 0x00007ffaf95f1000 	C:\Windows\system32\MSCTF.dll
0x00007ffaca8d0000 - 0x00007ffaca96d000 	D:\android_studio\jre\bin\msvcp140.dll
0x00007ffae4090000 - 0x00007ffae4095000 	C:\Windows\SYSTEM32\api-ms-win-crt-multibyte-l1-1-0.dll
0x00007ffae4080000 - 0x00007ffae4083000 	C:\Windows\SYSTEM32\api-ms-win-crt-time-l1-1-0.dll
0x00007ffae4070000 - 0x00007ffae4073000 	C:\Windows\SYSTEM32\api-ms-win-crt-utility-l1-1-0.dll
0x00007ffabcb80000 - 0x00007ffabd682000 	D:\android_studio\jre\bin\server\jvm.dll
0x00007ffafb540000 - 0x00007ffafb5ed000 	C:\Windows\system32\ADVAPI32.dll
0x00007ffae4060000 - 0x00007ffae4069000 	C:\Windows\SYSTEM32\WSOCK32.dll
0x00007ffaf4390000 - 0x00007ffaf43b2000 	C:\Windows\SYSTEM32\WINMM.dll
0x00007ffaf51a0000 - 0x00007ffaf51aa000 	C:\Windows\SYSTEM32\VERSION.dll
0x00007ffaf97d0000 - 0x00007ffaf97d7000 	C:\Windows\system32\PSAPI.DLL
0x00007ffaf9010000 - 0x00007ffaf906b000 	C:\Windows\SYSTEM32\sechost.dll
0x00007ffafb400000 - 0x00007ffafb535000 	C:\Windows\system32\RPCRT4.dll
0x00007ffaf9620000 - 0x00007ffaf967a000 	C:\Windows\system32\WS2_32.dll
0x00007ffaf4350000 - 0x00007ffaf437a000 	C:\Windows\SYSTEM32\WINMMBASE.dll
0x00007ffaf8be0000 - 0x00007ffaf8c0e000 	C:\Windows\system32\SspiCli.dll
0x00007ffaf97c0000 - 0x00007ffaf97c9000 	C:\Windows\system32\NSI.dll
0x00007ffaf8810000 - 0x00007ffaf885f000 	C:\Windows\SYSTEM32\cfgmgr32.dll
0x00007ffaf74c0000 - 0x00007ffaf74e8000 	C:\Windows\SYSTEM32\DEVOBJ.dll
0x00007ffae4040000 - 0x00007ffae4051000 	D:\android_studio\jre\bin\verify.dll
0x00007ffacd3a0000 - 0x00007ffacd52a000 	C:\Windows\SYSTEM32\DBGHELP.DLL
0x00007ffae37b0000 - 0x00007ffae37d9000 	D:\android_studio\jre\bin\java.dll
0x00007ffae4030000 - 0x00007ffae403b000 	D:\android_studio\jre\bin\jimage.dll
0x00007ffae3790000 - 0x00007ffae37a8000 	D:\android_studio\jre\bin\zip.dll
0x00007ffaf9ed0000 - 0x00007ffafb3fc000 	C:\Windows\system32\SHELL32.dll
0x00007ffaf8df0000 - 0x00007ffaf9002000 	C:\Windows\SYSTEM32\combase.dll
0x00007ffaf9400000 - 0x00007ffaf9454000 	C:\Windows\system32\SHLWAPI.dll
0x00007ffaf6c10000 - 0x00007ffaf6cc2000 	C:\Windows\SYSTEM32\SHCORE.dll
0x00007ffaf8690000 - 0x00007ffaf86a5000 	C:\Windows\SYSTEM32\profapi.dll
0x00007ffae3770000 - 0x00007ffae378a000 	D:\android_studio\jre\bin\net.dll
0x00007ffaf0be0000 - 0x00007ffaf0ca9000 	C:\Windows\SYSTEM32\WINHTTP.dll
0x00007ffaf7ed0000 - 0x00007ffaf7f29000 	C:\Windows\system32\mswsock.dll
0x00007ffae3750000 - 0x00007ffae3764000 	D:\android_studio\jre\bin\nio.dll
0x00007ffacb7f0000 - 0x00007ffacb817000 	C:\Users\VOLODYA\.gradle\native\e1d6ef7f7dcc3fd88c89a11ec53ec762bb8ba0a96d01ffa2cd45eb1d1d8dd5c5\windows-amd64\native-platform.dll
0x00007ffae3f90000 - 0x00007ffae3f9a000 	D:\android_studio\jre\bin\management.dll
0x00007ffae3640000 - 0x00007ffae364d000 	D:\android_studio\jre\bin\management_ext.dll
0x00007ffaf7f30000 - 0x00007ffaf7f50000 	C:\Windows\SYSTEM32\CRYPTSP.dll
0x00007ffaf7b50000 - 0x00007ffaf7b86000 	C:\Windows\system32\rsaenh.dll
0x00007ffaf8190000 - 0x00007ffaf81b6000 	C:\Windows\SYSTEM32\bcrypt.dll
0x00007ffaf7c60000 - 0x00007ffaf7c81000 	C:\Windows\SYSTEM32\USERENV.dll
0x00007ffaf8490000 - 0x00007ffaf84f3000 	C:\Windows\system32\bcryptprimitives.dll
0x00007ffaf8500000 - 0x00007ffaf850b000 	C:\Windows\SYSTEM32\CRYPTBASE.dll
0x00007ffaf2720000 - 0x00007ffaf274a000 	C:\Windows\SYSTEM32\IPHLPAPI.DLL
0x00007ffaf2700000 - 0x00007ffaf270a000 	C:\Windows\SYSTEM32\WINNSI.DLL
0x00007ffaf1f30000 - 0x00007ffaf1f46000 	C:\Windows\SYSTEM32\dhcpcsvc6.DLL
0x00007ffaf2340000 - 0x00007ffaf235a000 	C:\Windows\SYSTEM32\dhcpcsvc.DLL
0x00007ffacae20000 - 0x00007ffacae47000 	D:\android_studio\jre\bin\sunec.dll
0x00007ffaf7cd0000 - 0x00007ffaf7d74000 	C:\Windows\SYSTEM32\DNSAPI.dll
0x00007ffaea890000 - 0x00007ffaea89a000 	C:\Windows\System32\rasadhlp.dll
0x00007ffaf24f0000 - 0x00007ffaf255b000 	C:\Windows\System32\fwpuclnt.dll

dbghelp: loaded successfully - version: 4.0.5 - missing functions: none
symbol engine: initialized successfully - sym options: 0x614 - pdb path: .;D:\android_studio\jre\bin;C:\Windows\SYSTEM32;C:\Windows\WinSxS\amd64_microsoft.windows.common-controls_6595b64144ccf1df_6.0.9600.19394_none_62486577ecb635cf;D:\android_studio\jre\bin\server;C:\Users\VOLODYA\.gradle\native\e1d6ef7f7dcc3fd88c89a11ec53ec762bb8ba0a96d01ffa2cd45eb1d1d8dd5c5\windows-amd64

VM Arguments:
jvm_args: --add-opens=java.base/java.util=ALL-UNNAMED --add-opens=java.base/java.lang=ALL-UNNAMED --add-opens=java.base/java.lang.invoke=ALL-UNNAMED --add-opens=java.base/java.util=ALL-UNNAMED --add-opens=java.prefs/java.util.prefs=ALL-UNNAMED --add-opens=java.prefs/java.util.prefs=ALL-UNNAMED --add-opens=java.base/java.nio.charset=ALL-UNNAMED --add-opens=java.base/java.net=ALL-UNNAMED --add-opens=java.base/java.util.concurrent.atomic=ALL-UNNAMED -Xmx1536M -Dfile.encoding=windows-1251 -Duser.country=RU -Duser.language=ru -Duser.variant 
java_command: org.gradle.launcher.daemon.bootstrap.GradleDaemon 7.5.1
java_class_path (initial): C:\Users\VOLODYA\.gradle\wrapper\dists\gradle-7.5.1-all\1ehga6e77gqps5uk2kc5kf1vc\gradle-7.5.1\lib\gradle-launcher-7.5.1.jar
Launcher Type: SUN_STANDARD

[Global flags]
     intx CICompilerCount                          = 3                                         {product} {ergonomic}
     uint ConcGCThreads                            = 1                                         {product} {ergonomic}
     uint G1ConcRefinementThreads                  = 4                                         {product} {ergonomic}
   size_t G1HeapRegionSize                         = 1048576                                   {product} {ergonomic}
    uintx GCDrainStackTargetSize                   = 64                                        {product} {ergonomic}
   size_t InitialHeapSize                          = 134217728                                 {product} {ergonomic}
   size_t MarkStackSize                            = 4194304                                   {product} {ergonomic}
   size_t MaxHeapSize                              = 1610612736                                {product} {command line}
   size_t MaxNewSize                               = 965738496                                 {product} {ergonomic}
   size_t MinHeapDeltaBytes                        = 1048576                                   {product} {ergonomic}
    uintx NonNMethodCodeHeapSize                   = 5830732                                {pd product} {ergonomic}
    uintx NonProfiledCodeHeapSize                  = 122913754                              {pd product} {ergonomic}
    uintx ProfiledCodeHeapSize                     = 122913754                              {pd product} {ergonomic}
    uintx ReservedCodeCacheSize                    = 251658240                              {pd product} {ergonomic}
     bool SegmentedCodeCache                       = true                                      {product} {ergonomic}
     bool UseCompressedClassPointers               = true                                 {lp64_product} {ergonomic}
     bool UseCompressedOops                        = true                                 {lp64_product} {ergonomic}
     bool UseG1GC                                  = true                                      {product} {ergonomic}
     bool UseLargePagesIndividualAllocation        = false                                  {pd product} {ergonomic}

Logging:
Log output configuration:
 #0: stdout all=warning uptime,level,tags
 #1: stderr all=off uptime,level,tags

Environment Variables:
JAVA_HOME=D:\android_studio\jre
CLASSPATH=D:\anrii\KI48\1\apps\login_window\android\\gradle\wrapper\gradle-wrapper.jar
PATH=C:\Program Files\Microsoft MPI\Bin\;D:\anrii\sp_l7_prog\gcc\bin;D:\anrii\sp_l7_prog\gcc\libexec\gcc\x86_64-w64-mingw32\11.1.0;C:\Program Files (x86)\Common Files\Oracle\Java\javapath;C:\Windows\system32;C:\Windows;C:\Windows\System32\Wbem;C:\Windows\System32\WindowsPowerShell\v1.0\;C:\Program Files\Common Files\Autodesk Shared\;C:\Program Files (x86)\Autodesk\Backburner\;C:\Program Files (x86)\QuickTime\QTSystem\;C:\Program Files\Azure Data Studio\bin;d:\anrii\KI38\obd\prog\l2\110\Tools\Binn\;C:\Program Files\Microsoft SQL Server\110\Tools\Binn\;C:\Program Files\Microsoft SQL Server\110\DTS\Binn\;D:\anrii\KI38\obd\prog\l2\110\Tools\Binn\ManagementStudio\;D:\anrii\KI38\obd\prog\l2\110\DTS\Binn\;C:\altera\quartus41\bin;C:\altera\quartus41\eda\sim_lib\excalibur\swift\lib\pcnt.lib;C:\altera\quartus41\bin;C:\Program Files\Microsoft SQL Server\130\Tools\Binn\;C:\Program Files\Microsoft SQL Server\Client SDK\ODBC\170\Tools\Binn\;D:\anrii\KI38\obd\prog\l2\120\DTS\Binn\;D:\anrii\KI38\obd\prog\l2\130\DTS\Binn\;D:\anrii\KI38\obd\prog\l2\140\DTS\Binn\;D:\anrii\KI38\obd\prog\l2\150\DTS\Binn\;C:\Program Files\dotnet\;C:\Program Files (x86)\dotnet\;C:\Program Files\Microsoft SQL Server\120\Tools\Binn\;D:\Dwimperl\perl\bin;D:\Dwimperl\perl\site\bin;D:\Dwimperl\c\bin;D:\Git\cmd;D:\flutter\bin;D:\Microsoft VS Code\bin;D:\flutter\bin\mingit\cmd
USERNAME=VOLODYA
LANG=ru_RU.UTF-8
OS=Windows_NT
PROCESSOR_IDENTIFIER=Intel64 Family 6 Model 37 Stepping 5, GenuineIntel



---------------  S Y S T E M  ---------------

OS: Windows 8.1 , 64 bit Build 9600 (6.3.9600.20389)
OS uptime: 0 days 3:05 hours

CPU:total 4 (initial active 4) (2 cores per cpu, 2 threads per core) family 6 model 37 stepping 5 microcode 0x3, cmov, cx8, fxsr, mmx, sse, sse2, sse3, ssse3, sse4.1, sse4.2, popcnt, aes, clmul, ht, tsc, tscinvbit

Memory: 4k page, system-wide physical 8181M (916M free)
TotalPageFile size 11253M (AvailPageFile size 2M)
current process WorkingSet (physical memory assigned to process): 298M, peak: 319M
current process commit charge ("private bytes"): 332M, peak: 357M

vm_info: OpenJDK 64-Bit Server VM (11.0.13+0-b1751.21-8125866) for windows-amd64 JRE (11.0.13+0-b1751.21-8125866), built on Feb  2 2022 03:00:22 by "builder" with MS VC++ 14.0 (VS2015)

END.
